CRITICAL - 2023-08-10 06:30:20 --> syntax error, unexpected '".png"' (T_CONSTANT_ENCAPSED_STRING), expecting ')'
in APPPATH\Views\view_prosedur.php on line 145.
 1 SYSTEMPATH\View\View.php(227): CodeIgniter\View\View->CodeIgniter\View\{closure}()
 2 SYSTEMPATH\Common.php(1180): CodeIgniter\View\View->render('view_prosedur', [], true)
 3 APPPATH\Controllers\Prosedur.php(51): view('view_prosedur', [...])
 4 SYSTEMPATH\CodeIgniter.php(932): App\Controllers\Prosedur->index()
 5 SYSTEMPATH\CodeIgniter.php(497): CodeIgniter\CodeIgniter->runController(Object(App\Controllers\Prosedur))
 6 SYSTEMPATH\CodeIgniter.php(366): CodeIgniter\CodeIgniter->handleRequest(null, Object(Config\Cache), false)
 7 FCPATH\index.php(67): CodeIgniter\CodeIgniter->run()
 8 SYSTEMPATH\Commands\Server\rewrite.php(47): require_once('C:\\xampp\\htdocs\\sop_apk\\public\\index.php')
CRITICAL - 2023-08-10 06:30:21 --> syntax error, unexpected '".png"' (T_CONSTANT_ENCAPSED_STRING), expecting ')'
in APPPATH\Views\view_prosedur.php on line 145.
 1 SYSTEMPATH\View\View.php(227): CodeIgniter\View\View->CodeIgniter\View\{closure}()
 2 SYSTEMPATH\Common.php(1180): CodeIgniter\View\View->render('view_prosedur', [], true)
 3 APPPATH\Controllers\Prosedur.php(51): view('view_prosedur', [...])
 4 SYSTEMPATH\CodeIgniter.php(932): App\Controllers\Prosedur->index()
 5 SYSTEMPATH\CodeIgniter.php(497): CodeIgniter\CodeIgniter->runController(Object(App\Controllers\Prosedur))
 6 SYSTEMPATH\CodeIgniter.php(366): CodeIgniter\CodeIgniter->handleRequest(null, Object(Config\Cache), false)
 7 FCPATH\index.php(67): CodeIgniter\CodeIgniter->run()
 8 SYSTEMPATH\Commands\Server\rewrite.php(47): require_once('C:\\xampp\\htdocs\\sop_apk\\public\\index.php')
CRITICAL - 2023-08-10 06:30:22 --> syntax error, unexpected '".png"' (T_CONSTANT_ENCAPSED_STRING), expecting ')'
in APPPATH\Views\view_prosedur.php on line 145.
 1 SYSTEMPATH\View\View.php(227): CodeIgniter\View\View->CodeIgniter\View\{closure}()
 2 SYSTEMPATH\Common.php(1180): CodeIgniter\View\View->render('view_prosedur', [], true)
 3 APPPATH\Controllers\Prosedur.php(51): view('view_prosedur', [...])
 4 SYSTEMPATH\CodeIgniter.php(932): App\Controllers\Prosedur->index()
 5 SYSTEMPATH\CodeIgniter.php(497): CodeIgniter\CodeIgniter->runController(Object(App\Controllers\Prosedur))
 6 SYSTEMPATH\CodeIgniter.php(366): CodeIgniter\CodeIgniter->handleRequest(null, Object(Config\Cache), false)
 7 FCPATH\index.php(67): CodeIgniter\CodeIgniter->run()
 8 SYSTEMPATH\Commands\Server\rewrite.php(47): require_once('C:\\xampp\\htdocs\\sop_apk\\public\\index.php')
CRITICAL - 2023-08-10 06:50:11 --> CodeIgniter\View\View::main(): Failed opening required 'assets/phpqrcode/qrlib.php' (include_path='C:\xampp\php\PEAR')
in APPPATH\Views\view_prosedur.php on line 144.
 1 [internal function]: CodeIgniter\Debug\Exceptions->shutdownHandler()
CRITICAL - 2023-08-10 06:59:14 --> CodeIgniter\View\View::main(): Failed opening required 'assets/phpqrcode/qrlib.php' (include_path='C:\xampp\php\PEAR')
in APPPATH\Views\view_prosedur.php on line 144.
 1 [internal function]: CodeIgniter\Debug\Exceptions->shutdownHandler()
CRITICAL - 2023-08-10 06:59:15 --> CodeIgniter\View\View::main(): Failed opening required 'assets/phpqrcode/qrlib.php' (include_path='C:\xampp\php\PEAR')
in APPPATH\Views\view_prosedur.php on line 144.
 1 [internal function]: CodeIgniter\Debug\Exceptions->shutdownHandler()
CRITICAL - 2023-08-10 06:59:15 --> CodeIgniter\View\View::main(): Failed opening required 'assets/phpqrcode/qrlib.php' (include_path='C:\xampp\php\PEAR')
in APPPATH\Views\view_prosedur.php on line 144.
 1 [internal function]: CodeIgniter\Debug\Exceptions->shutdownHandler()
CRITICAL - 2023-08-10 06:59:15 --> CodeIgniter\View\View::main(): Failed opening required 'assets/phpqrcode/qrlib.php' (include_path='C:\xampp\php\PEAR')
in APPPATH\Views\view_prosedur.php on line 144.
 1 [internal function]: CodeIgniter\Debug\Exceptions->shutdownHandler()
CRITICAL - 2023-08-10 06:59:15 --> CodeIgniter\View\View::main(): Failed opening required 'assets/phpqrcode/qrlib.php' (include_path='C:\xampp\php\PEAR')
in APPPATH\Views\view_prosedur.php on line 144.
 1 [internal function]: CodeIgniter\Debug\Exceptions->shutdownHandler()
CRITICAL - 2023-08-10 06:59:15 --> CodeIgniter\View\View::main(): Failed opening required 'assets/phpqrcode/qrlib.php' (include_path='C:\xampp\php\PEAR')
in APPPATH\Views\view_prosedur.php on line 144.
 1 [internal function]: CodeIgniter\Debug\Exceptions->shutdownHandler()
CRITICAL - 2023-08-10 06:59:16 --> CodeIgniter\View\View::main(): Failed opening required 'assets/phpqrcode/qrlib.php' (include_path='C:\xampp\php\PEAR')
in APPPATH\Views\view_prosedur.php on line 144.
 1 [internal function]: CodeIgniter\Debug\Exceptions->shutdownHandler()
CRITICAL - 2023-08-10 06:59:16 --> CodeIgniter\View\View::main(): Failed opening required 'assets/phpqrcode/qrlib.php' (include_path='C:\xampp\php\PEAR')
in APPPATH\Views\view_prosedur.php on line 144.
 1 [internal function]: CodeIgniter\Debug\Exceptions->shutdownHandler()
CRITICAL - 2023-08-10 06:59:16 --> CodeIgniter\View\View::main(): Failed opening required 'assets/phpqrcode/qrlib.php' (include_path='C:\xampp\php\PEAR')
in APPPATH\Views\view_prosedur.php on line 144.
 1 [internal function]: CodeIgniter\Debug\Exceptions->shutdownHandler()
CRITICAL - 2023-08-10 07:01:12 --> CodeIgniter\View\View::main(): Failed opening required 'assets/phpqrcode/qrlib.php' (include_path='C:\xampp\php\PEAR')
in APPPATH\Views\view_prosedur.php on line 144.
 1 [internal function]: CodeIgniter\Debug\Exceptions->shutdownHandler()
CRITICAL - 2023-08-10 07:01:13 --> CodeIgniter\View\View::main(): Failed opening required 'assets/phpqrcode/qrlib.php' (include_path='C:\xampp\php\PEAR')
in APPPATH\Views\view_prosedur.php on line 144.
 1 [internal function]: CodeIgniter\Debug\Exceptions->shutdownHandler()
CRITICAL - 2023-08-10 07:01:13 --> CodeIgniter\View\View::main(): Failed opening required 'assets/phpqrcode/qrlib.php' (include_path='C:\xampp\php\PEAR')
in APPPATH\Views\view_prosedur.php on line 144.
 1 [internal function]: CodeIgniter\Debug\Exceptions->shutdownHandler()
CRITICAL - 2023-08-10 07:01:17 --> CodeIgniter\View\View::main(): Failed opening required 'assets/phpqrcode/qrlib.php' (include_path='C:\xampp\php\PEAR')
in APPPATH\Views\view_prosedur.php on line 144.
 1 [internal function]: CodeIgniter\Debug\Exceptions->shutdownHandler()
CRITICAL - 2023-08-10 07:01:24 --> CodeIgniter\View\View::main(): Failed opening required 'assets/phpqrcode/qrlib.php' (include_path='C:\xampp\php\PEAR')
in APPPATH\Views\view_prosedur.php on line 144.
 1 [internal function]: CodeIgniter\Debug\Exceptions->shutdownHandler()
CRITICAL - 2023-08-10 07:02:31 --> CodeIgniter\View\View::main(): Failed opening required 'assets/phpqrcode/qrlib.php' (include_path='C:\xampp\php\PEAR')
in APPPATH\Views\view_prosedur.php on line 144.
 1 [internal function]: CodeIgniter\Debug\Exceptions->shutdownHandler()
CRITICAL - 2023-08-10 07:10:47 --> CodeIgniter\View\View::main(): Failed opening required 'public/assets/phpqrcode/qrlib.php' (include_path='C:\xampp\php\PEAR')
in APPPATH\Views\view_prosedur.php on line 144.
 1 [internal function]: CodeIgniter\Debug\Exceptions->shutdownHandler()
CRITICAL - 2023-08-10 07:10:50 --> CodeIgniter\View\View::main(): Failed opening required 'public/assets/phpqrcode/qrlib.php' (include_path='C:\xampp\php\PEAR')
in APPPATH\Views\view_prosedur.php on line 144.
 1 [internal function]: CodeIgniter\Debug\Exceptions->shutdownHandler()
CRITICAL - 2023-08-10 07:10:59 --> CodeIgniter\View\View::main(): Failed opening required 'public/assets/phpqrcode/qrlib.php' (include_path='C:\xampp\php\PEAR')
in APPPATH\Views\view_prosedur.php on line 144.
 1 [internal function]: CodeIgniter\Debug\Exceptions->shutdownHandler()
CRITICAL - 2023-08-10 07:12:14 --> CodeIgniter\View\View::main(): Failed opening required 'public/assets/phpqrcode/qrlib.php' (include_path='C:\xampp\php\PEAR')
in APPPATH\Views\view_prosedur.php on line 144.
 1 [internal function]: CodeIgniter\Debug\Exceptions->shutdownHandler()
CRITICAL - 2023-08-10 07:14:14 --> CodeIgniter\View\View::main(): Failed opening required 'public/assets/phpqrcode.php' (include_path='C:\xampp\php\PEAR')
in APPPATH\Views\view_prosedur.php on line 144.
 1 [internal function]: CodeIgniter\Debug\Exceptions->shutdownHandler()
CRITICAL - 2023-08-10 07:14:22 --> CodeIgniter\View\View::main(): Failed opening required 'public/assets/phpqrcode.php' (include_path='C:\xampp\php\PEAR')
in APPPATH\Views\view_prosedur.php on line 144.
 1 [internal function]: CodeIgniter\Debug\Exceptions->shutdownHandler()
CRITICAL - 2023-08-10 07:18:06 --> CodeIgniter\View\View::main(): Failed opening required 'public/assets/phpqrcode/qrlib.php' (include_path='C:\xampp\php\PEAR')
in APPPATH\Views\view_prosedur.php on line 144.
 1 [internal function]: CodeIgniter\Debug\Exceptions->shutdownHandler()
CRITICAL - 2023-08-10 07:18:16 --> CodeIgniter\View\View::main(): Failed opening required 'public/assets/phpqrcode/qrlib.php' (include_path='C:\xampp\php\PEAR')
in APPPATH\Views\view_prosedur.php on line 144.
 1 [internal function]: CodeIgniter\Debug\Exceptions->shutdownHandler()
CRITICAL - 2023-08-10 08:12:30 --> Call to undefined method QRcode::jpg()
in APPPATH\Views\view_prosedur.php on line 145.
 1 SYSTEMPATH\View\View.php(224): include()
 2 SYSTEMPATH\View\View.php(227): CodeIgniter\View\View->CodeIgniter\View\{closure}()
 3 SYSTEMPATH\Common.php(1180): CodeIgniter\View\View->render('view_prosedur', [], true)
 4 APPPATH\Controllers\Prosedur.php(51): view('view_prosedur', [...])
 5 SYSTEMPATH\CodeIgniter.php(932): App\Controllers\Prosedur->index()
 6 SYSTEMPATH\CodeIgniter.php(497): CodeIgniter\CodeIgniter->runController(Object(App\Controllers\Prosedur))
 7 SYSTEMPATH\CodeIgniter.php(366): CodeIgniter\CodeIgniter->handleRequest(null, Object(Config\Cache), false)
 8 FCPATH\index.php(67): CodeIgniter\CodeIgniter->run()
 9 SYSTEMPATH\Commands\Server\rewrite.php(47): require_once('C:\\xampp\\htdocs\\sop_apk\\public\\index.php')
CRITICAL - 2023-08-10 08:12:37 --> Call to undefined method QRcode::jpg()
in APPPATH\Views\view_prosedur.php on line 145.
 1 SYSTEMPATH\View\View.php(224): include()
 2 SYSTEMPATH\View\View.php(227): CodeIgniter\View\View->CodeIgniter\View\{closure}()
 3 SYSTEMPATH\Common.php(1180): CodeIgniter\View\View->render('view_prosedur', [], true)
 4 APPPATH\Controllers\Prosedur.php(51): view('view_prosedur', [...])
 5 SYSTEMPATH\CodeIgniter.php(932): App\Controllers\Prosedur->index()
 6 SYSTEMPATH\CodeIgniter.php(497): CodeIgniter\CodeIgniter->runController(Object(App\Controllers\Prosedur))
 7 SYSTEMPATH\CodeIgniter.php(366): CodeIgniter\CodeIgniter->handleRequest(null, Object(Config\Cache), false)
 8 FCPATH\index.php(67): CodeIgniter\CodeIgniter->run()
 9 SYSTEMPATH\Commands\Server\rewrite.php(47): require_once('C:\\xampp\\htdocs\\sop_apk\\public\\index.php')
