CRITICAL - 2023-08-09 02:11:14 --> Class 'App\Controllers\ProsedurModel' not found
in APPPATH\Controllers\Superadmin.php on line 25.
 1 SYSTEMPATH\CodeIgniter.php(904): App\Controllers\Superadmin->__construct()
 2 SYSTEMPATH\CodeIgniter.php(488): CodeIgniter\CodeIgniter->createController()
 3 SYSTEMPATH\CodeIgniter.php(366): CodeIgniter\CodeIgniter->handleRequest(null, Object(Config\Cache), false)
 4 FCPATH\index.php(67): CodeIgniter\CodeIgniter->run()
 5 SYSTEMPATH\Commands\Server\rewrite.php(47): require_once('C:\\xampp\\htdocs\\sop_apk\\public\\index.php')
CRITICAL - 2023-08-09 02:15:53 --> Invalid argument supplied for foreach()
in APPPATH\Views\superadmin.php on line 136.
 1 APPPATH\Views\superadmin.php(136): CodeIgniter\Debug\Exceptions->errorHandler(2, 'Invalid argument supplied for foreach()', 'C:\\xampp\\htdocs\\sop_apk\\app\\Views\\superadmin.php', 136, [...])
 2 SYSTEMPATH\View\View.php(224): include('C:\\xampp\\htdocs\\sop_apk\\app\\Views\\superadmin.php')
 3 SYSTEMPATH\View\View.php(227): CodeIgniter\View\View->CodeIgniter\View\{closure}()
 4 SYSTEMPATH\Common.php(1180): CodeIgniter\View\View->render('superadmin', [], true)
 5 APPPATH\Controllers\Superadmin.php(28): view('superadmin')
 6 SYSTEMPATH\CodeIgniter.php(932): App\Controllers\Superadmin->index()
 7 SYSTEMPATH\CodeIgniter.php(497): CodeIgniter\CodeIgniter->runController(Object(App\Controllers\Superadmin))
 8 SYSTEMPATH\CodeIgniter.php(366): CodeIgniter\CodeIgniter->handleRequest(null, Object(Config\Cache), false)
 9 FCPATH\index.php(67): CodeIgniter\CodeIgniter->run()
10 SYSTEMPATH\Commands\Server\rewrite.php(47): require_once('C:\\xampp\\htdocs\\sop_apk\\public\\index.php')
CRITICAL - 2023-08-09 02:15:58 --> Invalid argument supplied for foreach()
in APPPATH\Views\superadmin.php on line 136.
 1 APPPATH\Views\superadmin.php(136): CodeIgniter\Debug\Exceptions->errorHandler(2, 'Invalid argument supplied for foreach()', 'C:\\xampp\\htdocs\\sop_apk\\app\\Views\\superadmin.php', 136, [...])
 2 SYSTEMPATH\View\View.php(224): include('C:\\xampp\\htdocs\\sop_apk\\app\\Views\\superadmin.php')
 3 SYSTEMPATH\View\View.php(227): CodeIgniter\View\View->CodeIgniter\View\{closure}()
 4 SYSTEMPATH\Common.php(1180): CodeIgniter\View\View->render('superadmin', [], true)
 5 APPPATH\Controllers\Superadmin.php(28): view('superadmin')
 6 SYSTEMPATH\CodeIgniter.php(932): App\Controllers\Superadmin->index()
 7 SYSTEMPATH\CodeIgniter.php(497): CodeIgniter\CodeIgniter->runController(Object(App\Controllers\Superadmin))
 8 SYSTEMPATH\CodeIgniter.php(366): CodeIgniter\CodeIgniter->handleRequest(null, Object(Config\Cache), false)
 9 FCPATH\index.php(67): CodeIgniter\CodeIgniter->run()
10 SYSTEMPATH\Commands\Server\rewrite.php(47): require_once('C:\\xampp\\htdocs\\sop_apk\\public\\index.php')
CRITICAL - 2023-08-09 02:18:18 --> Invalid argument supplied for foreach()
in APPPATH\Views\superadmin.php on line 135.
 1 APPPATH\Views\superadmin.php(135): CodeIgniter\Debug\Exceptions->errorHandler(2, 'Invalid argument supplied for foreach()', 'C:\\xampp\\htdocs\\sop_apk\\app\\Views\\superadmin.php', 135, [...])
 2 SYSTEMPATH\View\View.php(224): include('C:\\xampp\\htdocs\\sop_apk\\app\\Views\\superadmin.php')
 3 SYSTEMPATH\View\View.php(227): CodeIgniter\View\View->CodeIgniter\View\{closure}()
 4 SYSTEMPATH\Common.php(1180): CodeIgniter\View\View->render('superadmin', [], true)
 5 APPPATH\Controllers\Superadmin.php(28): view('superadmin')
 6 SYSTEMPATH\CodeIgniter.php(932): App\Controllers\Superadmin->index()
 7 SYSTEMPATH\CodeIgniter.php(497): CodeIgniter\CodeIgniter->runController(Object(App\Controllers\Superadmin))
 8 SYSTEMPATH\CodeIgniter.php(366): CodeIgniter\CodeIgniter->handleRequest(null, Object(Config\Cache), false)
 9 FCPATH\index.php(67): CodeIgniter\CodeIgniter->run()
10 SYSTEMPATH\Commands\Server\rewrite.php(47): require_once('C:\\xampp\\htdocs\\sop_apk\\public\\index.php')
CRITICAL - 2023-08-09 02:23:19 --> Invalid file: "view_prosedur.php"
in SYSTEMPATH\Exceptions\FrameworkException.php on line 33.
 1 SYSTEMPATH\View\View.php(212): CodeIgniter\Exceptions\FrameworkException::forInvalidFile('view_prosedur.php')
 2 SYSTEMPATH\Common.php(1180): CodeIgniter\View\View->render('view_prosedur', [], true)
 3 APPPATH\Controllers\Prosedur.php(44): view('view_prosedur', [...])
 4 SYSTEMPATH\CodeIgniter.php(932): App\Controllers\Prosedur->index()
 5 SYSTEMPATH\CodeIgniter.php(497): CodeIgniter\CodeIgniter->runController(Object(App\Controllers\Prosedur))
 6 SYSTEMPATH\CodeIgniter.php(366): CodeIgniter\CodeIgniter->handleRequest(null, Object(Config\Cache), false)
 7 FCPATH\index.php(67): CodeIgniter\CodeIgniter->run()
 8 SYSTEMPATH\Commands\Server\rewrite.php(47): require_once('C:\\xampp\\htdocs\\sop_apk\\public\\index.php')
CRITICAL - 2023-08-09 02:25:57 --> Invalid argument supplied for foreach()
in APPPATH\Views\prosedur.php on line 135.
 1 APPPATH\Views\prosedur.php(135): CodeIgniter\Debug\Exceptions->errorHandler(2, 'Invalid argument supplied for foreach()', 'C:\\xampp\\htdocs\\sop_apk\\app\\Views\\prosedur.php', 135, [...])
 2 SYSTEMPATH\View\View.php(224): include('C:\\xampp\\htdocs\\sop_apk\\app\\Views\\prosedur.php')
 3 SYSTEMPATH\View\View.php(227): CodeIgniter\View\View->CodeIgniter\View\{closure}()
 4 SYSTEMPATH\Common.php(1180): CodeIgniter\View\View->render('prosedur', [], true)
 5 APPPATH\Controllers\Prosedur.php(28): view('prosedur')
 6 SYSTEMPATH\CodeIgniter.php(932): App\Controllers\Prosedur->index()
 7 SYSTEMPATH\CodeIgniter.php(497): CodeIgniter\CodeIgniter->runController(Object(App\Controllers\Prosedur))
 8 SYSTEMPATH\CodeIgniter.php(366): CodeIgniter\CodeIgniter->handleRequest(null, Object(Config\Cache), false)
 9 FCPATH\index.php(67): CodeIgniter\CodeIgniter->run()
10 SYSTEMPATH\Commands\Server\rewrite.php(47): require_once('C:\\xampp\\htdocs\\sop_apk\\public\\index.php')
CRITICAL - 2023-08-09 02:26:00 --> Invalid argument supplied for foreach()
in APPPATH\Views\prosedur.php on line 135.
 1 APPPATH\Views\prosedur.php(135): CodeIgniter\Debug\Exceptions->errorHandler(2, 'Invalid argument supplied for foreach()', 'C:\\xampp\\htdocs\\sop_apk\\app\\Views\\prosedur.php', 135, [...])
 2 SYSTEMPATH\View\View.php(224): include('C:\\xampp\\htdocs\\sop_apk\\app\\Views\\prosedur.php')
 3 SYSTEMPATH\View\View.php(227): CodeIgniter\View\View->CodeIgniter\View\{closure}()
 4 SYSTEMPATH\Common.php(1180): CodeIgniter\View\View->render('prosedur', [], true)
 5 APPPATH\Controllers\Prosedur.php(28): view('prosedur')
 6 SYSTEMPATH\CodeIgniter.php(932): App\Controllers\Prosedur->index()
 7 SYSTEMPATH\CodeIgniter.php(497): CodeIgniter\CodeIgniter->runController(Object(App\Controllers\Prosedur))
 8 SYSTEMPATH\CodeIgniter.php(366): CodeIgniter\CodeIgniter->handleRequest(null, Object(Config\Cache), false)
 9 FCPATH\index.php(67): CodeIgniter\CodeIgniter->run()
10 SYSTEMPATH\Commands\Server\rewrite.php(47): require_once('C:\\xampp\\htdocs\\sop_apk\\public\\index.php')
CRITICAL - 2023-08-09 02:28:39 --> Invalid file: "view_prosedur.php"
in SYSTEMPATH\Exceptions\FrameworkException.php on line 33.
 1 SYSTEMPATH\View\View.php(212): CodeIgniter\Exceptions\FrameworkException::forInvalidFile('view_prosedur.php')
 2 SYSTEMPATH\Common.php(1180): CodeIgniter\View\View->render('view_prosedur', [], true)
 3 APPPATH\Controllers\Prosedur.php(44): view('view_prosedur', [...])
 4 SYSTEMPATH\CodeIgniter.php(932): App\Controllers\Prosedur->index()
 5 SYSTEMPATH\CodeIgniter.php(497): CodeIgniter\CodeIgniter->runController(Object(App\Controllers\Prosedur))
 6 SYSTEMPATH\CodeIgniter.php(366): CodeIgniter\CodeIgniter->handleRequest(null, Object(Config\Cache), false)
 7 FCPATH\index.php(67): CodeIgniter\CodeIgniter->run()
 8 SYSTEMPATH\Commands\Server\rewrite.php(47): require_once('C:\\xampp\\htdocs\\sop_apk\\public\\index.php')
CRITICAL - 2023-08-09 02:30:28 --> Invalid file: "view_prosedur.php"
in SYSTEMPATH\Exceptions\FrameworkException.php on line 33.
 1 SYSTEMPATH\View\View.php(212): CodeIgniter\Exceptions\FrameworkException::forInvalidFile('view_prosedur.php')
 2 SYSTEMPATH\Common.php(1180): CodeIgniter\View\View->render('view_prosedur', [], true)
 3 APPPATH\Controllers\Prosedur.php(44): view('view_prosedur', [...])
 4 SYSTEMPATH\CodeIgniter.php(932): App\Controllers\Prosedur->index()
 5 SYSTEMPATH\CodeIgniter.php(497): CodeIgniter\CodeIgniter->runController(Object(App\Controllers\Prosedur))
 6 SYSTEMPATH\CodeIgniter.php(366): CodeIgniter\CodeIgniter->handleRequest(null, Object(Config\Cache), false)
 7 FCPATH\index.php(67): CodeIgniter\CodeIgniter->run()
 8 SYSTEMPATH\Commands\Server\rewrite.php(47): require_once('C:\\xampp\\htdocs\\sop_apk\\public\\index.php')
CRITICAL - 2023-08-09 07:50:58 --> Call to a member function library() on null
in APPPATH\Controllers\BaseController.php on line 45.
 1 SYSTEMPATH\CodeIgniter.php(905): App\Controllers\BaseController->initController(Object(CodeIgniter\HTTP\IncomingRequest), Object(CodeIgniter\HTTP\Response), Object(CodeIgniter\Log\Logger))
 2 SYSTEMPATH\CodeIgniter.php(488): CodeIgniter\CodeIgniter->createController()
 3 SYSTEMPATH\CodeIgniter.php(366): CodeIgniter\CodeIgniter->handleRequest(null, Object(Config\Cache), false)
 4 FCPATH\index.php(67): CodeIgniter\CodeIgniter->run()
 5 SYSTEMPATH\Commands\Server\rewrite.php(47): require_once('C:\\xampp\\htdocs\\sop_apk\\public\\index.php')
CRITICAL - 2023-08-09 08:29:30 --> Call to a member function get() on null
in APPPATH\Views\view_prosedur.php on line 145.
 1 SYSTEMPATH\View\View.php(224): include()
 2 SYSTEMPATH\View\View.php(227): CodeIgniter\View\View->CodeIgniter\View\{closure}()
 3 SYSTEMPATH\Common.php(1180): CodeIgniter\View\View->render('view_prosedur', [], true)
 4 APPPATH\Controllers\Prosedur.php(51): view('view_prosedur', [...])
 5 SYSTEMPATH\CodeIgniter.php(932): App\Controllers\Prosedur->index()
 6 SYSTEMPATH\CodeIgniter.php(497): CodeIgniter\CodeIgniter->runController(Object(App\Controllers\Prosedur))
 7 SYSTEMPATH\CodeIgniter.php(366): CodeIgniter\CodeIgniter->handleRequest(null, Object(Config\Cache), false)
 8 FCPATH\index.php(67): CodeIgniter\CodeIgniter->run()
 9 SYSTEMPATH\Commands\Server\rewrite.php(47): require_once('C:\\xampp\\htdocs\\sop_apk\\public\\index.php')
CRITICAL - 2023-08-09 08:33:35 --> Call to a member function get() on null
in APPPATH\Views\view_prosedur.php on line 145.
 1 SYSTEMPATH\View\View.php(224): include()
 2 SYSTEMPATH\View\View.php(227): CodeIgniter\View\View->CodeIgniter\View\{closure}()
 3 SYSTEMPATH\Common.php(1180): CodeIgniter\View\View->render('view_prosedur', [], true)
 4 APPPATH\Controllers\Prosedur.php(51): view('view_prosedur', [...])
 5 SYSTEMPATH\CodeIgniter.php(932): App\Controllers\Prosedur->index()
 6 SYSTEMPATH\CodeIgniter.php(497): CodeIgniter\CodeIgniter->runController(Object(App\Controllers\Prosedur))
 7 SYSTEMPATH\CodeIgniter.php(366): CodeIgniter\CodeIgniter->handleRequest(null, Object(Config\Cache), false)
 8 FCPATH\index.php(67): CodeIgniter\CodeIgniter->run()
 9 SYSTEMPATH\Commands\Server\rewrite.php(47): require_once('C:\\xampp\\htdocs\\sop_apk\\public\\index.php')
CRITICAL - 2023-08-09 08:34:50 --> Call to a member function get() on null
in APPPATH\Views\view_prosedur.php on line 145.
 1 SYSTEMPATH\View\View.php(224): include()
 2 SYSTEMPATH\View\View.php(227): CodeIgniter\View\View->CodeIgniter\View\{closure}()
 3 SYSTEMPATH\Common.php(1180): CodeIgniter\View\View->render('view_prosedur', [], true)
 4 APPPATH\Controllers\Prosedur.php(51): view('view_prosedur', [...])
 5 SYSTEMPATH\CodeIgniter.php(932): App\Controllers\Prosedur->index()
 6 SYSTEMPATH\CodeIgniter.php(497): CodeIgniter\CodeIgniter->runController(Object(App\Controllers\Prosedur))
 7 SYSTEMPATH\CodeIgniter.php(366): CodeIgniter\CodeIgniter->handleRequest(null, Object(Config\Cache), false)
 8 FCPATH\index.php(67): CodeIgniter\CodeIgniter->run()
 9 SYSTEMPATH\Commands\Server\rewrite.php(47): require_once('C:\\xampp\\htdocs\\sop_apk\\public\\index.php')
CRITICAL - 2023-08-09 08:34:53 --> Call to a member function get() on null
in APPPATH\Views\view_prosedur.php on line 145.
 1 SYSTEMPATH\View\View.php(224): include()
 2 SYSTEMPATH\View\View.php(227): CodeIgniter\View\View->CodeIgniter\View\{closure}()
 3 SYSTEMPATH\Common.php(1180): CodeIgniter\View\View->render('view_prosedur', [], true)
 4 APPPATH\Controllers\Prosedur.php(51): view('view_prosedur', [...])
 5 SYSTEMPATH\CodeIgniter.php(932): App\Controllers\Prosedur->index()
 6 SYSTEMPATH\CodeIgniter.php(497): CodeIgniter\CodeIgniter->runController(Object(App\Controllers\Prosedur))
 7 SYSTEMPATH\CodeIgniter.php(366): CodeIgniter\CodeIgniter->handleRequest(null, Object(Config\Cache), false)
 8 FCPATH\index.php(67): CodeIgniter\CodeIgniter->run()
 9 SYSTEMPATH\Commands\Server\rewrite.php(47): require_once('C:\\xampp\\htdocs\\sop_apk\\public\\index.php')
CRITICAL - 2023-08-09 08:36:29 --> Call to a member function get() on null
in APPPATH\Views\view_prosedur.php on line 145.
 1 SYSTEMPATH\View\View.php(224): include()
 2 SYSTEMPATH\View\View.php(227): CodeIgniter\View\View->CodeIgniter\View\{closure}()
 3 SYSTEMPATH\Common.php(1180): CodeIgniter\View\View->render('view_prosedur', [], true)
 4 APPPATH\Controllers\Prosedur.php(51): view('view_prosedur', [...])
 5 SYSTEMPATH\CodeIgniter.php(932): App\Controllers\Prosedur->index()
 6 SYSTEMPATH\CodeIgniter.php(497): CodeIgniter\CodeIgniter->runController(Object(App\Controllers\Prosedur))
 7 SYSTEMPATH\CodeIgniter.php(366): CodeIgniter\CodeIgniter->handleRequest(null, Object(Config\Cache), false)
 8 FCPATH\index.php(67): CodeIgniter\CodeIgniter->run()
 9 SYSTEMPATH\Commands\Server\rewrite.php(47): require_once('C:\\xampp\\htdocs\\sop_apk\\public\\index.php')
CRITICAL - 2023-08-09 08:43:23 --> Cannot use empty array elements in arrays
in APPPATH\Controllers\Prosedur.php on line 98.
 1 [internal function]: CodeIgniter\Debug\Exceptions->shutdownHandler()
CRITICAL - 2023-08-09 08:59:01 --> syntax error, unexpected 'protected' (T_PROTECTED), expecting ';' or ','
in APPPATH\Models\ProsedurModel.php on line 23.
 1 SYSTEMPATH\Autoloader\Autoloader.php(289): CodeIgniter\Autoloader\Autoloader->includeFile('C:\\xampp\\htdocs\\sop_apk\\app\\Models\\ProsedurModel.php')
 2 SYSTEMPATH\Autoloader\Autoloader.php(267): CodeIgniter\Autoloader\Autoloader->loadInNamespace('App\\Models\\ProsedurModel')
 3 [internal function]: CodeIgniter\Autoloader\Autoloader->loadClass('App\\Models\\ProsedurModel')
 4 APPPATH\Controllers\Prosedur.php(13): spl_autoload_call('App\\Models\\ProsedurModel')
 5 SYSTEMPATH\CodeIgniter.php(904): App\Controllers\Prosedur->__construct()
 6 SYSTEMPATH\CodeIgniter.php(488): CodeIgniter\CodeIgniter->createController()
 7 SYSTEMPATH\CodeIgniter.php(366): CodeIgniter\CodeIgniter->handleRequest(null, Object(Config\Cache), false)
 8 FCPATH\index.php(67): CodeIgniter\CodeIgniter->run()
 9 SYSTEMPATH\Commands\Server\rewrite.php(47): require_once('C:\\xampp\\htdocs\\sop_apk\\public\\index.php')
CRITICAL - 2023-08-09 08:59:03 --> syntax error, unexpected 'protected' (T_PROTECTED), expecting ';' or ','
in APPPATH\Models\ProsedurModel.php on line 23.
 1 SYSTEMPATH\Autoloader\Autoloader.php(289): CodeIgniter\Autoloader\Autoloader->includeFile('C:\\xampp\\htdocs\\sop_apk\\app\\Models\\ProsedurModel.php')
 2 SYSTEMPATH\Autoloader\Autoloader.php(267): CodeIgniter\Autoloader\Autoloader->loadInNamespace('App\\Models\\ProsedurModel')
 3 [internal function]: CodeIgniter\Autoloader\Autoloader->loadClass('App\\Models\\ProsedurModel')
 4 APPPATH\Controllers\Prosedur.php(13): spl_autoload_call('App\\Models\\ProsedurModel')
 5 SYSTEMPATH\CodeIgniter.php(904): App\Controllers\Prosedur->__construct()
 6 SYSTEMPATH\CodeIgniter.php(488): CodeIgniter\CodeIgniter->createController()
 7 SYSTEMPATH\CodeIgniter.php(366): CodeIgniter\CodeIgniter->handleRequest(null, Object(Config\Cache), false)
 8 FCPATH\index.php(67): CodeIgniter\CodeIgniter->run()
 9 SYSTEMPATH\Commands\Server\rewrite.php(47): require_once('C:\\xampp\\htdocs\\sop_apk\\public\\index.php')
